f:\genv2\genv2\x64\debug\vc143.pdb
f:\genv2\genv2\x64\debug\.netframework,version=v4.7.2.assemblyattributes.obj
f:\genv2\genv2\x64\debug\okno1.obj
f:\genv2\x64\debug\genv2.exe
f:\genv2\x64\debug\genv2.pdb
f:\genv2\genv2\x64\debug\genv2.tlog\cl.command.1.tlog
f:\genv2\genv2\x64\debug\genv2.tlog\cl.items.tlog
f:\genv2\genv2\x64\debug\genv2.tlog\cl.read.1.tlog
f:\genv2\genv2\x64\debug\genv2.tlog\cl.write.1.tlog
f:\genv2\genv2\x64\debug\genv2.tlog\link.command.1.tlog
f:\genv2\genv2\x64\debug\genv2.tlog\link.read.1.tlog
f:\genv2\genv2\x64\debug\genv2.tlog\link.secondary.1.tlog
f:\genv2\genv2\x64\debug\genv2.tlog\link.write.1.tlog
f:\genv2\genv2\x64\debug\genv2.tlog\metagen.read.1.tlog
f:\genv2\genv2\x64\debug\genv2.tlog\metagen.write.1.tlog
f:\genv2\genv2\x64\debug\genv2.tlog\rc.command.1.tlog
f:\genv2\genv2\x64\debug\genv2.tlog\rc.read.1.tlog
f:\genv2\genv2\x64\debug\genv2.tlog\rc.write.1.tlog
f:\genv2\genv2\x64\debug\genv2.tlog\resgen.command.1.tlog
f:\genv2\genv2\x64\debug\genv2.tlog\resgen.read.1.tlog
f:\genv2\genv2\x64\debug\genv2.tlog\resgen.write.1.tlog
